c:\users\ldryo\source\repos\tictactoe\tictactoe\x64\release\vc143.pdb
c:\users\ldryo\source\repos\tictactoe\tictactoe\x64\release\.netframework,version=v4.8.assemblyattributes.obj
c:\users\ldryo\source\repos\tictactoe\tictactoe\x64\release\settings.obj
c:\users\ldryo\source\repos\tictactoe\tictactoe\x64\release\game.obj
c:\users\ldryo\source\repos\tictactoe\x64\release\tictactoe.exe
c:\users\ldryo\source\repos\tictactoe\tictactoe\x64\release\tictactoe.vcxproj.assemblyreference.cache
c:\users\ldryo\source\repos\tictactoe\tictactoe\x64\release\tictactoe.vcxproj.generateresource.cache
c:\users\ldryo\source\repos\tictactoe\tictactoe\x64\release\tictactoe.game.resources
c:\users\ldryo\source\repos\tictactoe\tictactoe\x64\release\tictactoe.settings.resources
c:\users\ldryo\source\repos\tictactoe\x64\release\tictactoe.pdb
c:\users\ldryo\source\repos\tictactoe\tictactoe\x64\release\tictactoe.tlog\cl.command.1.tlog
c:\users\ldryo\source\repos\tictactoe\tictactoe\x64\release\tictactoe.tlog\cl.read.1.tlog
c:\users\ldryo\source\repos\tictactoe\tictactoe\x64\release\tictactoe.tlog\cl.write.1.tlog
c:\users\ldryo\source\repos\tictactoe\tictactoe\x64\release\tictactoe.tlog\link.13000.read.1.tlog
c:\users\ldryo\source\repos\tictactoe\tictactoe\x64\release\tictactoe.tlog\link.13000.read.2.tlog
c:\users\ldryo\source\repos\tictactoe\tictactoe\x64\release\tictactoe.tlog\link.13000.read.3.tlog
c:\users\ldryo\source\repos\tictactoe\tictactoe\x64\release\tictactoe.tlog\link.13000.read.4.tlog
c:\users\ldryo\source\repos\tictactoe\tictactoe\x64\release\tictactoe.tlog\link.13000.write.1.tlog
c:\users\ldryo\source\repos\tictactoe\tictactoe\x64\release\tictactoe.tlog\link.24892.read.1.tlog
c:\users\ldryo\source\repos\tictactoe\tictactoe\x64\release\tictactoe.tlog\link.24892.read.2.tlog
c:\users\ldryo\source\repos\tictactoe\tictactoe\x64\release\tictactoe.tlog\link.24892.read.3.tlog
c:\users\ldryo\source\repos\tictactoe\tictactoe\x64\release\tictactoe.tlog\link.24892.read.4.tlog
c:\users\ldryo\source\repos\tictactoe\tictactoe\x64\release\tictactoe.tlog\link.24892.write.1.tlog
c:\users\ldryo\source\repos\tictactoe\tictactoe\x64\release\tictactoe.tlog\link.25728.read.1.tlog
c:\users\ldryo\source\repos\tictactoe\tictactoe\x64\release\tictactoe.tlog\link.25728.read.2.tlog
c:\users\ldryo\source\repos\tictactoe\tictactoe\x64\release\tictactoe.tlog\link.25728.read.3.tlog
c:\users\ldryo\source\repos\tictactoe\tictactoe\x64\release\tictactoe.tlog\link.25728.read.4.tlog
c:\users\ldryo\source\repos\tictactoe\tictactoe\x64\release\tictactoe.tlog\link.25728.write.1.tlog
c:\users\ldryo\source\repos\tictactoe\tictactoe\x64\release\tictactoe.tlog\link.6832.read.1.tlog
c:\users\ldryo\source\repos\tictactoe\tictactoe\x64\release\tictactoe.tlog\link.6832.read.2.tlog
c:\users\ldryo\source\repos\tictactoe\tictactoe\x64\release\tictactoe.tlog\link.6832.read.3.tlog
c:\users\ldryo\source\repos\tictactoe\tictactoe\x64\release\tictactoe.tlog\link.6832.read.4.tlog
c:\users\ldryo\source\repos\tictactoe\tictactoe\x64\release\tictactoe.tlog\link.6832.write.1.tlog
c:\users\ldryo\source\repos\tictactoe\tictactoe\x64\release\tictactoe.tlog\link.command.1.tlog
c:\users\ldryo\source\repos\tictactoe\tictactoe\x64\release\tictactoe.tlog\link.read.1.tlog
c:\users\ldryo\source\repos\tictactoe\tictactoe\x64\release\tictactoe.tlog\link.read.2.tlog
c:\users\ldryo\source\repos\tictactoe\tictactoe\x64\release\tictactoe.tlog\link.read.3.tlog
c:\users\ldryo\source\repos\tictactoe\tictactoe\x64\release\tictactoe.tlog\link.read.4.tlog
c:\users\ldryo\source\repos\tictactoe\tictactoe\x64\release\tictactoe.tlog\link.write.1.tlog
c:\users\ldryo\source\repos\tictactoe\tictactoe\x64\release\tictactoe.tlog\metagen.read.1.tlog
c:\users\ldryo\source\repos\tictactoe\tictactoe\x64\release\tictactoe.tlog\metagen.write.1.tlog
c:\users\ldryo\source\repos\tictactoe\tictactoe\x64\release\tictactoe.tlog\resgen.command.1.tlog
c:\users\ldryo\source\repos\tictactoe\tictactoe\x64\release\tictactoe.tlog\resgen.read.1.tlog
c:\users\ldryo\source\repos\tictactoe\tictactoe\x64\release\tictactoe.tlog\resgen.write.1.tlog
